[21 Dez 2011 00:29:43] Building database metadata model
[21 Dez 2011 00:29:43] Properties: {partialRefresh=false, processColumnsUsingSelect=, outputPath=D:\Programming\WebRatio WorkSpace\MWDb\.Temp~\DB.xml, schemaRegex=null, readProcedures=null, includeViews=true, derby.system.home=D:\Programming\WebRatio WorkSpace\.metadata\.plugins\com.webratio.commons.db\derby, includePrimaryKeys=true, url=jdbc:mysql://localhost:3306/mwdb, eventSocketClient=com.webratio.commons.net.EventSocketClient@19dc72f, includeTables=true, username=andre, tableRegex=null, outputLogPath=D:\Programming\WebRatio WorkSpace\MWDb\.Temp~\DB.xml.log, includeForeignKeys=false, retrieveAllNames=false, readIndexes=null, driverClass=com.mysql.jdbc.Driver, tablesToRefresh=, eventSocketPort=55547, includeSynonyms=true, metaDataProviderClass=com.webratio.commons.db.metadata.MySQLMetaDataProvider}
[21 Dez 2011 00:29:43] URL: jdbc:mysql://localhost:3306/mwdb
[21 Dez 2011 00:29:43] Product name: MySQL
[21 Dez 2011 00:29:43] Product version: 5.5.17
[21 Dez 2011 00:29:43] Driver name: MySQL-AB JDBC Driver
[21 Dez 2011 00:29:43] Driver version: mysql-connector-java-5.1.18 ( Revision: tonci.grgin@oracle.com-20110930151701-jfj14ddfq48ifkfq )
[21 Dez 2011 00:29:43] Driver major version: 5
[21 Dez 2011 00:29:43] Driver minor version: 1
[21 Dez 2011 00:29:43] Identifier quote string: 1
[21 Dez 2011 00:29:43] Retrieving schemas
[21 Dez 2011 00:29:43] Retrieving [TABLE, VIEW, SYNONYM] for schema ''
[21 Dez 2011 00:29:43]   Found 'avaliacao' [type = TABLE]
[21 Dez 2011 00:29:43]   Found 'comentario' [type = TABLE]
[21 Dez 2011 00:29:43]   Found 'construtor' [type = TABLE]
[21 Dez 2011 00:29:43]   Found 'escala' [type = TABLE]
[21 Dez 2011 00:29:43]   Found 'fotos_miniatura' [type = TABLE]
[21 Dez 2011 00:29:43]   Found 'fotos_modelo' [type = TABLE]
[21 Dez 2011 00:29:43]   Found 'group' [type = TABLE]
[21 Dez 2011 00:29:43]   Found 'group_module' [type = TABLE]
[21 Dez 2011 00:29:43]   Found 'marca' [type = TABLE]
[21 Dez 2011 00:29:43]   Found 'miniatura' [type = TABLE]
[21 Dez 2011 00:29:43]   Found 'modelo' [type = TABLE]
[21 Dez 2011 00:29:43]   Found 'module' [type = TABLE]
[21 Dez 2011 00:29:43]   Found 'tipo' [type = TABLE]
[21 Dez 2011 00:29:43]   Found 'user' [type = TABLE]
[21 Dez 2011 00:29:43]   Found 'user_group' [type = TABLE]
[21 Dez 2011 00:29:43] Retrieving columns for 'avaliacao' [type = TABLE]
[21 Dez 2011 00:29:43]   Found column: user_oid [type = INT][SQL/XOPEN type = 4][size = 10][dec. digits = 0]
[21 Dez 2011 00:29:43]   Found column: mini_oid [type = INT][SQL/XOPEN type = 4][size = 10][dec. digits = 0]
[21 Dez 2011 00:29:43]   Found column: avaliacao [type = INT][SQL/XOPEN type = 4][size = 10][dec. digits = 0]
[21 Dez 2011 00:29:43] Retrieving primary keys for 'avaliacao' [type = TABLE]
[21 Dez 2011 00:29:43]   Found primary key column: user_oid
[21 Dez 2011 00:29:43]   Found primary key column: mini_oid
[21 Dez 2011 00:29:43] Retrieving columns for 'comentario' [type = TABLE]
[21 Dez 2011 00:29:43]   Found column: oid [type = INT][SQL/XOPEN type = 4][size = 10][dec. digits = 0]
[21 Dez 2011 00:29:43]   Found column: timestamp [type = DATETIME][SQL/XOPEN type = 93][size = 19][dec. digits = 0]
[21 Dez 2011 00:29:43]   Found column: texto [type = VARCHAR][SQL/XOPEN type = 12][size = 255][dec. digits = 0]
[21 Dez 2011 00:29:43]   Found column: miniatura_oid_mini [type = INT][SQL/XOPEN type = 4][size = 10][dec. digits = 0]
[21 Dez 2011 00:29:43]   Found column: user_oid_user [type = INT][SQL/XOPEN type = 4][size = 10][dec. digits = 0]
[21 Dez 2011 00:29:43]   Found column: publicado [type = BIT][SQL/XOPEN type = -7][size = 1][dec. digits = 0]
[21 Dez 2011 00:29:43] Retrieving primary keys for 'comentario' [type = TABLE]
[21 Dez 2011 00:29:43]   Found primary key column: oid
[21 Dez 2011 00:29:43] Retrieving columns for 'construtor' [type = TABLE]
[21 Dez 2011 00:29:43]   Found column: oid [type = INT][SQL/XOPEN type = 4][size = 10][dec. digits = 0]
[21 Dez 2011 00:29:43]   Found column: nomeconstrutor [type = VARCHAR][SQL/XOPEN type = 12][size = 255][dec. digits = 0]
[21 Dez 2011 00:29:43]   Found column: logo [type = VARCHAR][SQL/XOPEN type = 12][size = 255][dec. digits = 0]
[21 Dez 2011 00:29:43]   Found column: website [type = VARCHAR][SQL/XOPEN type = 12][size = 255][dec. digits = 0]
[21 Dez 2011 00:29:43] Retrieving primary keys for 'construtor' [type = TABLE]
[21 Dez 2011 00:29:43]   Found primary key column: oid
[21 Dez 2011 00:29:43] Retrieving columns for 'escala' [type = TABLE]
[21 Dez 2011 00:29:43]   Found column: oid [type = INT][SQL/XOPEN type = 4][size = 10][dec. digits = 0]
[21 Dez 2011 00:29:43]   Found column: descricao [type = VARCHAR][SQL/XOPEN type = 12][size = 255][dec. digits = 0]
[21 Dez 2011 00:29:43] Retrieving primary keys for 'escala' [type = TABLE]
[21 Dez 2011 00:29:43]   Found primary key column: oid
[21 Dez 2011 00:29:43] Retrieving columns for 'fotos_miniatura' [type = TABLE]
[21 Dez 2011 00:29:43]   Found column: oid [type = INT][SQL/XOPEN type = 4][size = 10][dec. digits = 0]
[21 Dez 2011 00:29:43]   Found column: foto [type = VARCHAR][SQL/XOPEN type = 12][size = 255][dec. digits = 0]
[21 Dez 2011 00:29:43]   Found column: miniatura_oid_mini [type = INT][SQL/XOPEN type = 4][size = 10][dec. digits = 0]
[21 Dez 2011 00:29:43] Retrieving primary keys for 'fotos_miniatura' [type = TABLE]
[21 Dez 2011 00:29:43]   Found primary key column: oid
[21 Dez 2011 00:29:43] Retrieving columns for 'fotos_modelo' [type = TABLE]
[21 Dez 2011 00:29:43]   Found column: oid [type = INT][SQL/XOPEN type = 4][size = 10][dec. digits = 0]
[21 Dez 2011 00:29:43]   Found column: foto [type = VARCHAR][SQL/XOPEN type = 12][size = 255][dec. digits = 0]
[21 Dez 2011 00:29:43]   Found column: modelo_oid [type = INT][SQL/XOPEN type = 4][size = 10][dec. digits = 0]
[21 Dez 2011 00:29:43] Retrieving primary keys for 'fotos_modelo' [type = TABLE]
[21 Dez 2011 00:29:43]   Found primary key column: oid
[21 Dez 2011 00:29:43] Retrieving columns for 'group' [type = TABLE]
[21 Dez 2011 00:29:43]   Found column: oid [type = INT][SQL/XOPEN type = 4][size = 10][dec. digits = 0]
[21 Dez 2011 00:29:43]   Found column: groupname [type = VARCHAR][SQL/XOPEN type = 12][size = 255][dec. digits = 0]
[21 Dez 2011 00:29:43]   Found column: module_oid [type = INT][SQL/XOPEN type = 4][size = 10][dec. digits = 0]
[21 Dez 2011 00:29:43] Retrieving primary keys for 'group' [type = TABLE]
[21 Dez 2011 00:29:43]   Found primary key column: oid
[21 Dez 2011 00:29:43] Retrieving columns for 'group_module' [type = TABLE]
[21 Dez 2011 00:29:43]   Found column: group_oid [type = INT][SQL/XOPEN type = 4][size = 10][dec. digits = 0]
[21 Dez 2011 00:29:43]   Found column: module_oid [type = INT][SQL/XOPEN type = 4][size = 10][dec. digits = 0]
[21 Dez 2011 00:29:43] Retrieving primary keys for 'group_module' [type = TABLE]
[21 Dez 2011 00:29:43]   Found primary key column: group_oid
[21 Dez 2011 00:29:43]   Found primary key column: module_oid
[21 Dez 2011 00:29:43] Retrieving columns for 'marca' [type = TABLE]
[21 Dez 2011 00:29:43]   Found column: oid [type = INT][SQL/XOPEN type = 4][size = 10][dec. digits = 0]
[21 Dez 2011 00:29:43]   Found column: nomemarca [type = VARCHAR][SQL/XOPEN type = 12][size = 255][dec. digits = 0]
[21 Dez 2011 00:29:43]   Found column: logo [type = VARCHAR][SQL/XOPEN type = 12][size = 255][dec. digits = 0]
[21 Dez 2011 00:29:43]   Found column: tipo_oid [type = INT][SQL/XOPEN type = 4][size = 10][dec. digits = 0]
[21 Dez 2011 00:29:43] Retrieving primary keys for 'marca' [type = TABLE]
[21 Dez 2011 00:29:43]   Found primary key column: oid
[21 Dez 2011 00:29:43] Retrieving columns for 'miniatura' [type = TABLE]
[21 Dez 2011 00:29:43]   Found column: oid_mini [type = INT][SQL/XOPEN type = 4][size = 10][dec. digits = 0]
[21 Dez 2011 00:29:43]   Found column: descricao [type = VARCHAR][SQL/XOPEN type = 12][size = 255][dec. digits = 0]
[21 Dez 2011 00:29:43]   Found column: modelo_oid [type = INT][SQL/XOPEN type = 4][size = 10][dec. digits = 0]
[21 Dez 2011 00:29:43]   Found column: escala_oid [type = INT][SQL/XOPEN type = 4][size = 10][dec. digits = 0]
[21 Dez 2011 00:29:43]   Found column: construtor_oid [type = INT][SQL/XOPEN type = 4][size = 10][dec. digits = 0]
[21 Dez 2011 00:29:43] Retrieving primary keys for 'miniatura' [type = TABLE]
[21 Dez 2011 00:29:43]   Found primary key column: oid_mini
[21 Dez 2011 00:29:43] Retrieving columns for 'modelo' [type = TABLE]
[21 Dez 2011 00:29:44]   Found column: oid [type = INT][SQL/XOPEN type = 4][size = 10][dec. digits = 0]
[21 Dez 2011 00:29:44]   Found column: nomemodelo [type = VARCHAR][SQL/XOPEN type = 12][size = 255][dec. digits = 0]
[21 Dez 2011 00:29:44]   Found column: anolancamento [type = YEAR][SQL/XOPEN type = 91][size = 0][dec. digits = 0]
[21 Dez 2011 00:29:44]   Found column: website [type = VARCHAR][SQL/XOPEN type = 12][size = 255][dec. digits = 0]
[21 Dez 2011 00:29:44]   Found column: marca_oid [type = INT][SQL/XOPEN type = 4][size = 10][dec. digits = 0]
[21 Dez 2011 00:29:44] Retrieving primary keys for 'modelo' [type = TABLE]
[21 Dez 2011 00:29:44]   Found primary key column: oid
[21 Dez 2011 00:29:44] Retrieving columns for 'module' [type = TABLE]
[21 Dez 2011 00:29:44]   Found column: oid [type = INT][SQL/XOPEN type = 4][size = 10][dec. digits = 0]
[21 Dez 2011 00:29:44]   Found column: moduleid [type = VARCHAR][SQL/XOPEN type = 12][size = 255][dec. digits = 0]
[21 Dez 2011 00:29:44]   Found column: modulename [type = VARCHAR][SQL/XOPEN type = 12][size = 255][dec. digits = 0]
[21 Dez 2011 00:29:44] Retrieving primary keys for 'module' [type = TABLE]
[21 Dez 2011 00:29:44]   Found primary key column: oid
[21 Dez 2011 00:29:44] Retrieving columns for 'tipo' [type = TABLE]
[21 Dez 2011 00:29:44]   Found column: oid [type = INT][SQL/XOPEN type = 4][size = 10][dec. digits = 0]
[21 Dez 2011 00:29:44]   Found column: descricao [type = VARCHAR][SQL/XOPEN type = 12][size = 255][dec. digits = 0]
[21 Dez 2011 00:29:44] Retrieving primary keys for 'tipo' [type = TABLE]
[21 Dez 2011 00:29:44]   Found primary key column: oid
[21 Dez 2011 00:29:44] Retrieving columns for 'user' [type = TABLE]
[21 Dez 2011 00:29:44]   Found column: oid_user [type = INT][SQL/XOPEN type = 4][size = 10][dec. digits = 0]
[21 Dez 2011 00:29:44]   Found column: username [type = VARCHAR][SQL/XOPEN type = 12][size = 255][dec. digits = 0]
[21 Dez 2011 00:29:44]   Found column: password [type = VARCHAR][SQL/XOPEN type = 12][size = 255][dec. digits = 0]
[21 Dez 2011 00:29:44]   Found column: email [type = VARCHAR][SQL/XOPEN type = 12][size = 255][dec. digits = 0]
[21 Dez 2011 00:29:44]   Found column: group_oid [type = INT][SQL/XOPEN type = 4][size = 10][dec. digits = 0]
[21 Dez 2011 00:29:44] Retrieving primary keys for 'user' [type = TABLE]
[21 Dez 2011 00:29:44]   Found primary key column: oid_user
[21 Dez 2011 00:29:44] Retrieving columns for 'user_group' [type = TABLE]
[21 Dez 2011 00:29:44]   Found column: user_oid_user [type = INT][SQL/XOPEN type = 4][size = 10][dec. digits = 0]
[21 Dez 2011 00:29:44]   Found column: group_oid [type = INT][SQL/XOPEN type = 4][size = 10][dec. digits = 0]
[21 Dez 2011 00:29:44] Retrieving primary keys for 'user_group' [type = TABLE]
[21 Dez 2011 00:29:44]   Found primary key column: user_oid_user
[21 Dez 2011 00:29:44]   Found primary key column: group_oid
[21 Dez 2011 00:29:44] Retrieving auto-increment columns for 'avaliacao' [type = TABLE]
[21 Dez 2011 00:29:44] Retrieving auto-increment columns for 'comentario' [type = TABLE]
[21 Dez 2011 00:29:44] Retrieving auto-increment columns for 'construtor' [type = TABLE]
[21 Dez 2011 00:29:44] Retrieving auto-increment columns for 'escala' [type = TABLE]
[21 Dez 2011 00:29:44] Retrieving auto-increment columns for 'fotos_miniatura' [type = TABLE]
[21 Dez 2011 00:29:44] Retrieving auto-increment columns for 'fotos_modelo' [type = TABLE]
[21 Dez 2011 00:29:44] Retrieving auto-increment columns for 'group' [type = TABLE]
[21 Dez 2011 00:29:44] Retrieving auto-increment columns for 'group_module' [type = TABLE]
[21 Dez 2011 00:29:44] Retrieving auto-increment columns for 'marca' [type = TABLE]
[21 Dez 2011 00:29:44] Retrieving auto-increment columns for 'miniatura' [type = TABLE]
[21 Dez 2011 00:29:44] Retrieving auto-increment columns for 'modelo' [type = TABLE]
[21 Dez 2011 00:29:44] Retrieving auto-increment columns for 'module' [type = TABLE]
[21 Dez 2011 00:29:44] Retrieving auto-increment columns for 'tipo' [type = TABLE]
[21 Dez 2011 00:29:44] Retrieving auto-increment columns for 'user' [type = TABLE]
[21 Dez 2011 00:29:44] Retrieving auto-increment columns for 'user_group' [type = TABLE]
[21 Dez 2011 00:29:44] Database connection closed
