[18 Jan 2012 12:29:12] DEBUG Executing SQL script
[18 Jan 2012 12:29:12] INFO ================================================================================
[18 Jan 2012 12:29:12] INFO outputPath= 'D:\Programming\WebRatio WorkSpace\MWDb\.Temp~\UpdateSQL.xml'
[18 Jan 2012 12:29:12] INFO onError= 'continue'
[18 Jan 2012 12:29:12] INFO statementSeparator= ';'
[18 Jan 2012 12:29:12] INFO derby.system.home= 'D:\Programming\WebRatio WorkSpace\.metadata\.plugins\com.webratio.commons.db\derby'
[18 Jan 2012 12:29:12] INFO password= 'LAroche555'
[18 Jan 2012 12:29:12] INFO url= 'jdbc:mysql://localhost:3306/mwdb'
[18 Jan 2012 12:29:12] INFO username= 'andre'
[18 Jan 2012 12:29:12] INFO autoCommit= 'false'
[18 Jan 2012 12:29:12] INFO outputLogPath= 'D:\Programming\WebRatio WorkSpace\MWDb\.Temp~\UpdateSQL.xml.log'
[18 Jan 2012 12:29:12] INFO driverClass= 'com.mysql.jdbc.Driver'
[18 Jan 2012 12:29:12] INFO encoding= ''
[18 Jan 2012 12:29:12] INFO eventSocketPort= '50839'
[18 Jan 2012 12:29:12] INFO sqlScript= 'D:\Programming\WebRatio WorkSpace\MWDb\.Temp~\UpdateSQL.sql'
[18 Jan 2012 12:29:12] INFO ================================================================================
[18 Jan 2012 12:29:12] INFO Connecting to the Database...
[18 Jan 2012 12:29:13] INFO Database connection estabilished
[18 Jan 2012 12:29:13] INFO transaction isolation: 4
[18 Jan 2012 12:29:13] DEBUG ================================================================================
[18 Jan 2012 12:29:13] DEBUG Executing SQL script file: D:\Programming\WebRatio WorkSpace\MWDb\.Temp~\UpdateSQL.sql
[18 Jan 2012 12:29:13] DEBUG Executing statement:  alter table `miniatura`  add column  `thumb`  varchar(255)
[18 Jan 2012 12:29:13] DEBUG ================================================================================
[18 Jan 2012 12:29:13] DEBUG SQL SCRIPT SUCCESSFULLY EXECUTED
[18 Jan 2012 12:29:13] INFO Database connection closed
[18 Jan 2012 12:29:13] DEBUG Total time: 1293 milliseconds
